[2024-05-28 10:51:19] [WARNING]: Protocol -> device lock is disable. http api may fail. 
[2024-05-28 10:51:24] [WARNING]: 警告: 心跳功能已关闭，若非预期，请检查配置文件。 
[2024-05-28 11:26:07] [WARNING]: Protocol -> device lock is disable. http api may fail. 
[2024-05-28 11:26:11] [WARNING]: 警告: 心跳功能已关闭，若非预期，请检查配置文件。 
[2024-05-28 12:40:45] [WARNING]: Bot已离线: 服务端强制下线. 
[2024-05-28 12:40:48] [WARNING]: 将在 3 秒后尝试重连. 重连次数：2/0 
[2024-05-28 12:40:51] [WARNING]: 尝试重连... 
[2024-05-28 12:40:51] [WARNING]: 快速重连失败: exchange_emp failed: 15 
[2024-05-28 12:40:51] [FATAL]: 快速重连失败, 扫码登录无法恢复会话. 
[2024-05-28 12:41:08] [WARNING]: 恢复会话失败: exchange_emp failed: 15 , 尝试使用正常流程登录. 
[2024-05-28 12:43:10] [FATAL]: 二维码过期 
[2024-05-28 12:44:01] [WARNING]: 账号密码未配置, 将使用二维码登录. 
[2024-05-28 12:44:01] [WARNING]: 将在 5秒 后继续. 
[2024-05-28 12:46:13] [FATAL]: 二维码过期 
[2024-05-28 12:47:01] [WARNING]: 账号密码未配置, 将使用二维码登录. 
[2024-05-28 12:47:01] [WARNING]: 将在 5秒 后继续. 
[2024-05-28 12:49:12] [FATAL]: 二维码过期 
[2024-05-28 12:50:01] [WARNING]: 账号密码未配置, 将使用二维码登录. 
[2024-05-28 12:50:01] [WARNING]: 将在 5秒 后继续. 
[2024-05-28 12:52:13] [FATAL]: 二维码过期 
[2024-05-28 12:53:01] [WARNING]: 账号密码未配置, 将使用二维码登录. 
[2024-05-28 12:53:01] [WARNING]: 将在 5秒 后继续. 
[2024-05-28 12:55:15] [FATAL]: 二维码过期 
[2024-05-28 12:56:01] [WARNING]: 账号密码未配置, 将使用二维码登录. 
[2024-05-28 12:56:01] [WARNING]: 将在 5秒 后继续. 
[2024-05-28 12:58:12] [FATAL]: 二维码过期 
[2024-05-28 12:59:01] [WARNING]: 账号密码未配置, 将使用二维码登录. 
[2024-05-28 12:59:01] [WARNING]: 将在 5秒 后继续. 
[2024-05-28 13:01:12] [FATAL]: 二维码过期 
[2024-05-28 13:02:01] [WARNING]: 账号密码未配置, 将使用二维码登录. 
[2024-05-28 13:02:01] [WARNING]: 将在 5秒 后继续. 
[2024-05-28 13:04:13] [FATAL]: 二维码过期 
[2024-05-28 13:05:01] [WARNING]: 账号密码未配置, 将使用二维码登录. 
[2024-05-28 13:05:01] [WARNING]: 将在 5秒 后继续. 
[2024-05-28 13:07:12] [FATAL]: 二维码过期 
[2024-05-28 13:08:01] [WARNING]: 账号密码未配置, 将使用二维码登录. 
[2024-05-28 13:08:01] [WARNING]: 将在 5秒 后继续. 
[2024-05-28 13:10:14] [FATAL]: 二维码过期 
[2024-05-28 13:11:01] [WARNING]: 账号密码未配置, 将使用二维码登录. 
[2024-05-28 13:11:01] [WARNING]: 将在 5秒 后继续. 
[2024-05-28 13:13:13] [FATAL]: 二维码过期 
[2024-05-28 13:14:02] [WARNING]: 账号密码未配置, 将使用二维码登录. 
[2024-05-28 13:14:02] [WARNING]: 将在 5秒 后继续. 
[2024-05-28 13:16:14] [FATAL]: 二维码过期 
[2024-05-28 13:17:01] [WARNING]: 账号密码未配置, 将使用二维码登录. 
[2024-05-28 13:17:01] [WARNING]: 将在 5秒 后继续. 
[2024-05-28 13:19:12] [FATAL]: 二维码过期 
[2024-05-28 13:20:01] [WARNING]: 账号密码未配置, 将使用二维码登录. 
[2024-05-28 13:20:01] [WARNING]: 将在 5秒 后继续. 
[2024-05-28 13:22:15] [FATAL]: 二维码过期 
[2024-05-28 13:23:01] [WARNING]: 账号密码未配置, 将使用二维码登录. 
[2024-05-28 13:23:01] [WARNING]: 将在 5秒 后继续. 
[2024-05-28 13:25:13] [FATAL]: 二维码过期 
[2024-05-28 13:26:01] [WARNING]: 账号密码未配置, 将使用二维码登录. 
[2024-05-28 13:26:01] [WARNING]: 将在 5秒 后继续. 
[2024-05-28 13:28:12] [FATAL]: 二维码过期 
[2024-05-28 13:29:01] [WARNING]: 账号密码未配置, 将使用二维码登录. 
[2024-05-28 13:29:01] [WARNING]: 将在 5秒 后继续. 
[2024-05-28 13:31:13] [FATAL]: 二维码过期 
[2024-05-28 13:32:01] [WARNING]: 账号密码未配置, 将使用二维码登录. 
[2024-05-28 13:32:01] [WARNING]: 将在 5秒 后继续. 
[2024-05-28 13:34:12] [FATAL]: 二维码过期 
[2024-05-28 13:45:09] [WARNING]: Protocol -> device lock is disable. http api may fail. 
[2024-05-28 13:45:13] [WARNING]: 警告: 心跳功能已关闭，若非预期，请检查配置文件。 
[2024-05-28 13:46:06] [WARNING]: Protocol -> device lock is disable. http api may fail. 
[2024-05-28 13:46:11] [WARNING]: 警告: 心跳功能已关闭，若非预期，请检查配置文件。 
[2024-05-28 17:33:48] [WARNING]: 已拒绝客户端 167.94.138.61:51612 的请求: 方法错误 
[2024-05-28 21:01:50] [WARNING]: 已拒绝客户端 123.249.98.200:22082 的请求: 方法错误 
[2024-05-28 23:05:35] [WARNING]: 已拒绝客户端 123.249.126.147:15335 的请求: 方法错误 
