Time: 2024-03-22 02:43:02
[status_code]: 502
[text]:<!DOCTYPE HTML PUBLIC "-//IETF//DTD HTML 2.0//EN">
<html>
<head><title>502 Bad Gateway</title></head>
<body>
<center><h1>502 Bad Gateway</h1></center>
 Sorry for the inconvenience.<br/>
Please report this message and include the following information to us.<br/>
Thank you very much!</p>
<table>
<tr>
<td>URL:</td>
<td>https://api.live.bilibili.com/room/v1/Room/get_status_info_by_uids</td>
</tr>
<tr>
<td>Server:</td>
<td>cn-sdqd-cu-w-v6-02</td>
</tr>
<tr>
<td>Date:</td>
<td>2024/03/22 02:43:02</td>
</tr>
</table>
<hr/>Powered by Tengine<hr><center>tengine</center>
</body>
</html>
Time: 2024-03-22 02:46:18
[status_code]: 502
[text]:<!DOCTYPE HTML PUBLIC "-//IETF//DTD HTML 2.0//EN">
<html>
<head><title>502 Bad Gateway</title></head>
<body>
<center><h1>502 Bad Gateway</h1></center>
 Sorry for the inconvenience.<br/>
Please report this message and include the following information to us.<br/>
Thank you very much!</p>
<table>
<tr>
<td>URL:</td>
<td>https://api.live.bilibili.com/room/v1/Room/get_status_info_by_uids</td>
</tr>
<tr>
<td>Server:</td>
<td>cn-sxty-cu-w-v6-02</td>
</tr>
<tr>
<td>Date:</td>
<td>2024/03/22 02:46:18</td>
</tr>
</table>
<hr/>Powered by Tengine<hr><center>tengine</center>
</body>
</html>
Time: 2024-03-22 06:09:33
[status_code]: 502
[text]:<!DOCTYPE HTML PUBLIC "-//IETF//DTD HTML 2.0//EN">
<html>
<head><title>502 Bad Gateway</title></head>
<body>
<center><h1>502 Bad Gateway</h1></center>
 Sorry for the inconvenience.<br/>
Please report this message and include the following information to us.<br/>
Thank you very much!</p>
<table>
<tr>
<td>URL:</td>
<td>https://api.live.bilibili.com/room/v1/Room/get_status_info_by_uids</td>
</tr>
<tr>
<td>Server:</td>
<td>cn-sxty-cu-w-v6-05</td>
</tr>
<tr>
<td>Date:</td>
<td>2024/03/22 06:09:33</td>
</tr>
</table>
<hr/>Powered by Tengine<hr><center>tengine</center>
</body>
</html>
Time: 2024-03-22 06:16:34
[status_code]: 502
[text]:<!DOCTYPE HTML PUBLIC "-//IETF//DTD HTML 2.0//EN">
<html>
<head><title>502 Bad Gateway</title></head>
<body>
<center><h1>502 Bad Gateway</h1></center>
 Sorry for the inconvenience.<br/>
Please report this message and include the following information to us.<br/>
Thank you very much!</p>
<table>
<tr>
<td>URL:</td>
<td>https://api.live.bilibili.com/room/v1/Room/get_status_info_by_uids</td>
</tr>
<tr>
<td>Server:</td>
<td>cn-hnly-cu-w-v6-02</td>
</tr>
<tr>
<td>Date:</td>
<td>2024/03/22 06:16:34</td>
</tr>
</table>
<hr/>Powered by Tengine<hr><center>tengine</center>
</body>
</html>
Time: 2024-03-22 09:27:45
[status_code]: 502
[text]:<!DOCTYPE HTML PUBLIC "-//IETF//DTD HTML 2.0//EN">
<html>
<head><title>502 Bad Gateway</title></head>
<body>
<center><h1>502 Bad Gateway</h1></center>
 Sorry for the inconvenience.<br/>
Please report this message and include the following information to us.<br/>
Thank you very much!</p>
<table>
<tr>
<td>URL:</td>
<td>https://api.live.bilibili.com/room/v1/Room/get_status_info_by_uids</td>
</tr>
<tr>
<td>Server:</td>
<td>cn-hnly-cu-w-v6-02</td>
</tr>
<tr>
<td>Date:</td>
<td>2024/03/22 09:27:45</td>
</tr>
</table>
<hr/>Powered by Tengine<hr><center>tengine</center>
</body>
</html>
Time: 2024-03-22 09:29:07
[status_code]: 502
[text]:<!DOCTYPE HTML PUBLIC "-//IETF//DTD HTML 2.0//EN">
<html>
<head><title>502 Bad Gateway</title></head>
<body>
<center><h1>502 Bad Gateway</h1></center>
 Sorry for the inconvenience.<br/>
Please report this message and include the following information to us.<br/>
Thank you very much!</p>
<table>
<tr>
<td>URL:</td>
<td>https://api.live.bilibili.com/room/v1/Room/get_status_info_by_uids</td>
</tr>
<tr>
<td>Server:</td>
<td>cn-sxty-cu-w-v6-04</td>
</tr>
<tr>
<td>Date:</td>
<td>2024/03/22 09:29:07</td>
</tr>
</table>
<hr/>Powered by Tengine<hr><center>tengine</center>
</body>
</html>
Time: 2024-03-22 15:35:12
[status_code]: 502
[text]:<!DOCTYPE HTML PUBLIC "-//IETF//DTD HTML 2.0//EN">
<html>
<head><title>502 Bad Gateway</title></head>
<body>
<center><h1>502 Bad Gateway</h1></center>
 Sorry for the inconvenience.<br/>
Please report this message and include the following information to us.<br/>
Thank you very much!</p>
<table>
<tr>
<td>URL:</td>
<td>https://api.live.bilibili.com/room/v1/Room/get_status_info_by_uids</td>
</tr>
<tr>
<td>Server:</td>
<td>cn-hnly-cu-w-v6-04</td>
</tr>
<tr>
<td>Date:</td>
<td>2024/03/22 15:35:12</td>
</tr>
</table>
<hr/>Powered by Tengine<hr><center>tengine</center>
</body>
</html>
