Time: 2024-02-06 01:50:01
[status_code]: 502
[text]:<!DOCTYPE HTML PUBLIC "-//IETF//DTD HTML 2.0//EN">
<html>
<head><title>502 Bad Gateway</title></head>
<body>
<center><h1>502 Bad Gateway</h1></center>
 Sorry for the inconvenience.<br/>
Please report this message and include the following information to us.<br/>
Thank you very much!</p>
<table>
<tr>
<td>URL:</td>
<td>https://api.live.bilibili.com/room/v1/Room/get_status_info_by_uids</td>
</tr>
<tr>
<td>Server:</td>
<td>cn-sxty-cu-w-v6-05</td>
</tr>
<tr>
<td>Date:</td>
<td>2024/02/06 01:50:01</td>
</tr>
</table>
<hr/>Powered by Tengine<hr><center>tengine</center>
</body>
</html>
Time: 2024-02-06 05:37:39
[status_code]: 502
[text]:<!DOCTYPE HTML PUBLIC "-//IETF//DTD HTML 2.0//EN">
<html>
<head><title>502 Bad Gateway</title></head>
<body>
<center><h1>502 Bad Gateway</h1></center>
 Sorry for the inconvenience.<br/>
Please report this message and include the following information to us.<br/>
Thank you very much!</p>
<table>
<tr>
<td>URL:</td>
<td>https://api.live.bilibili.com/room/v1/Room/get_status_info_by_uids</td>
</tr>
<tr>
<td>Server:</td>
<td>cn-hnly-cu-w-v6-03</td>
</tr>
<tr>
<td>Date:</td>
<td>2024/02/06 05:37:39</td>
</tr>
</table>
<hr/>Powered by Tengine<hr><center>tengine</center>
</body>
</html>
Time: 2024-02-06 06:18:07
[status_code]: 502
[text]:<!DOCTYPE HTML PUBLIC "-//IETF//DTD HTML 2.0//EN">
<html>
<head><title>502 Bad Gateway</title></head>
<body>
<center><h1>502 Bad Gateway</h1></center>
 Sorry for the inconvenience.<br/>
Please report this message and include the following information to us.<br/>
Thank you very much!</p>
<table>
<tr>
<td>URL:</td>
<td>https://api.live.bilibili.com/room/v1/Room/get_status_info_by_uids</td>
</tr>
<tr>
<td>Server:</td>
<td>cn-sxty-cu-w-v6-03</td>
</tr>
<tr>
<td>Date:</td>
<td>2024/02/06 06:18:07</td>
</tr>
</table>
<hr/>Powered by Tengine<hr><center>tengine</center>
</body>
</html>
Time: 2024-02-06 09:21:12
[status_code]: 502
[text]:<!DOCTYPE HTML PUBLIC "-//IETF//DTD HTML 2.0//EN">
<html>
<head><title>502 Bad Gateway</title></head>
<body>
<center><h1>502 Bad Gateway</h1></center>
 Sorry for the inconvenience.<br/>
Please report this message and include the following information to us.<br/>
Thank you very much!</p>
<table>
<tr>
<td>URL:</td>
<td>https://api.live.bilibili.com/room/v1/Room/get_status_info_by_uids</td>
</tr>
<tr>
<td>Server:</td>
<td>cn-sxty-cu-w-v6-03</td>
</tr>
<tr>
<td>Date:</td>
<td>2024/02/06 09:21:12</td>
</tr>
</table>
<hr/>Powered by Tengine<hr><center>tengine</center>
</body>
</html>
Time: 2024-02-06 21:37:06
[status_code]: 502
[text]:<!DOCTYPE HTML PUBLIC "-//IETF//DTD HTML 2.0//EN">
<html>
<head><title>502 Bad Gateway</title></head>
<body>
<center><h1>502 Bad Gateway</h1></center>
 Sorry for the inconvenience.<br/>
Please report this message and include the following information to us.<br/>
Thank you very much!</p>
<table>
<tr>
<td>URL:</td>
<td>https://api.live.bilibili.com/room/v1/Room/get_status_info_by_uids</td>
</tr>
<tr>
<td>Server:</td>
<td>cn-sxty-cu-w-v6-05</td>
</tr>
<tr>
<td>Date:</td>
<td>2024/02/06 21:37:06</td>
</tr>
</table>
<hr/>Powered by Tengine<hr><center>tengine</center>
</body>
</html>
