Time: 2024-02-07 01:57:45
[status_code]: 502
[text]:<!DOCTYPE HTML PUBLIC "-//IETF//DTD HTML 2.0//EN">
<html>
<head><title>502 Bad Gateway</title></head>
<body>
<center><h1>502 Bad Gateway</h1></center>
 Sorry for the inconvenience.<br/>
Please report this message and include the following information to us.<br/>
Thank you very much!</p>
<table>
<tr>
<td>URL:</td>
<td>https://api.live.bilibili.com/room/v1/Room/get_status_info_by_uids</td>
</tr>
<tr>
<td>Server:</td>
<td>cn-sxty-cu-w-v6-03</td>
</tr>
<tr>
<td>Date:</td>
<td>2024/02/07 01:57:45</td>
</tr>
</table>
<hr/>Powered by Tengine<hr><center>tengine</center>
</body>
</html>
Time: 2024-02-07 03:28:01
[status_code]: 502
[text]:<!DOCTYPE HTML PUBLIC "-//IETF//DTD HTML 2.0//EN">
<html>
<head><title>502 Bad Gateway</title></head>
<body>
<center><h1>502 Bad Gateway</h1></center>
 Sorry for the inconvenience.<br/>
Please report this message and include the following information to us.<br/>
Thank you very much!</p>
<table>
<tr>
<td>URL:</td>
<td>https://api.live.bilibili.com/room/v1/Room/get_status_info_by_uids</td>
</tr>
<tr>
<td>Server:</td>
<td>cn-hnly-cu-w-v6-01</td>
</tr>
<tr>
<td>Date:</td>
<td>2024/02/07 03:28:01</td>
</tr>
</table>
<hr/>Powered by Tengine<hr><center>tengine</center>
</body>
</html>
Time: 2024-02-07 03:39:02
[status_code]: 502
[text]:<!DOCTYPE HTML PUBLIC "-//IETF//DTD HTML 2.0//EN">
<html>
<head><title>502 Bad Gateway</title></head>
<body>
<center><h1>502 Bad Gateway</h1></center>
 Sorry for the inconvenience.<br/>
Please report this message and include the following information to us.<br/>
Thank you very much!</p>
<table>
<tr>
<td>URL:</td>
<td>https://api.live.bilibili.com/room/v1/Room/get_status_info_by_uids</td>
</tr>
<tr>
<td>Server:</td>
<td>cn-hnly-cu-w-v6-03</td>
</tr>
<tr>
<td>Date:</td>
<td>2024/02/07 03:39:02</td>
</tr>
</table>
<hr/>Powered by Tengine<hr><center>tengine</center>
</body>
</html>
Time: 2024-02-07 04:28:01
[status_code]: 502
[text]:<!DOCTYPE HTML PUBLIC "-//IETF//DTD HTML 2.0//EN">
<html>
<head><title>502 Bad Gateway</title></head>
<body>
<center><h1>502 Bad Gateway</h1></center>
 Sorry for the inconvenience.<br/>
Please report this message and include the following information to us.<br/>
Thank you very much!</p>
<table>
<tr>
<td>URL:</td>
<td>https://api.live.bilibili.com/room/v1/Room/get_status_info_by_uids</td>
</tr>
<tr>
<td>Server:</td>
<td>cn-hnly-cu-w-v6-02</td>
</tr>
<tr>
<td>Date:</td>
<td>2024/02/07 04:28:01</td>
</tr>
</table>
<hr/>Powered by Tengine<hr><center>tengine</center>
</body>
</html>
Time: 2024-02-07 04:29:50
[status_code]: 502
[text]:<!DOCTYPE HTML PUBLIC "-//IETF//DTD HTML 2.0//EN">
<html>
<head><title>502 Bad Gateway</title></head>
<body>
<center><h1>502 Bad Gateway</h1></center>
 Sorry for the inconvenience.<br/>
Please report this message and include the following information to us.<br/>
Thank you very much!</p>
<table>
<tr>
<td>URL:</td>
<td>https://api.live.bilibili.com/room/v1/Room/get_status_info_by_uids</td>
</tr>
<tr>
<td>Server:</td>
<td>cn-sxty-cu-w-v6-04</td>
</tr>
<tr>
<td>Date:</td>
<td>2024/02/07 04:29:50</td>
</tr>
</table>
<hr/>Powered by Tengine<hr><center>tengine</center>
</body>
</html>
Time: 2024-02-07 05:37:40
[status_code]: 502
[text]:<!DOCTYPE HTML PUBLIC "-//IETF//DTD HTML 2.0//EN">
<html>
<head><title>502 Bad Gateway</title></head>
<body>
<center><h1>502 Bad Gateway</h1></center>
 Sorry for the inconvenience.<br/>
Please report this message and include the following information to us.<br/>
Thank you very much!</p>
<table>
<tr>
<td>URL:</td>
<td>https://api.live.bilibili.com/room/v1/Room/get_status_info_by_uids</td>
</tr>
<tr>
<td>Server:</td>
<td>cn-sxty-cu-w-v6-01</td>
</tr>
<tr>
<td>Date:</td>
<td>2024/02/07 05:37:40</td>
</tr>
</table>
<hr/>Powered by Tengine<hr><center>tengine</center>
</body>
</html>
Time: 2024-02-07 05:50:56
[status_code]: 502
[text]:<!DOCTYPE HTML PUBLIC "-//IETF//DTD HTML 2.0//EN">
<html>
<head><title>502 Bad Gateway</title></head>
<body>
<center><h1>502 Bad Gateway</h1></center>
 Sorry for the inconvenience.<br/>
Please report this message and include the following information to us.<br/>
Thank you very much!</p>
<table>
<tr>
<td>URL:</td>
<td>https://api.live.bilibili.com/room/v1/Room/get_status_info_by_uids</td>
</tr>
<tr>
<td>Server:</td>
<td>cn-sxty-cu-w-v6-05</td>
</tr>
<tr>
<td>Date:</td>
<td>2024/02/07 05:50:56</td>
</tr>
</table>
<hr/>Powered by Tengine<hr><center>tengine</center>
</body>
</html>
Time: 2024-02-07 05:57:06
[status_code]: 502
[text]:<!DOCTYPE HTML PUBLIC "-//IETF//DTD HTML 2.0//EN">
<html>
<head><title>502 Bad Gateway</title></head>
<body>
<center><h1>502 Bad Gateway</h1></center>
 Sorry for the inconvenience.<br/>
Please report this message and include the following information to us.<br/>
Thank you very much!</p>
<table>
<tr>
<td>URL:</td>
<td>https://api.live.bilibili.com/room/v1/Room/get_status_info_by_uids</td>
</tr>
<tr>
<td>Server:</td>
<td>cn-hnly-cu-w-v6-04</td>
</tr>
<tr>
<td>Date:</td>
<td>2024/02/07 05:57:06</td>
</tr>
</table>
<hr/>Powered by Tengine<hr><center>tengine</center>
</body>
</html>
Time: 2024-02-07 09:32:18
[status_code]: 502
[text]:<!DOCTYPE HTML PUBLIC "-//IETF//DTD HTML 2.0//EN">
<html>
<head><title>502 Bad Gateway</title></head>
<body>
<center><h1>502 Bad Gateway</h1></center>
 Sorry for the inconvenience.<br/>
Please report this message and include the following information to us.<br/>
Thank you very much!</p>
<table>
<tr>
<td>URL:</td>
<td>https://api.live.bilibili.com/room/v1/Room/get_status_info_by_uids</td>
</tr>
<tr>
<td>Server:</td>
<td>cn-sxty-cu-w-v6-06</td>
</tr>
<tr>
<td>Date:</td>
<td>2024/02/07 09:32:18</td>
</tr>
</table>
<hr/>Powered by Tengine<hr><center>tengine</center>
</body>
</html>
Time: 2024-02-07 18:30:07
[status_code]: 502
[text]:<!DOCTYPE HTML PUBLIC "-//IETF//DTD HTML 2.0//EN">
<html>
<head><title>502 Bad Gateway</title></head>
<body>
<center><h1>502 Bad Gateway</h1></center>
 Sorry for the inconvenience.<br/>
Please report this message and include the following information to us.<br/>
Thank you very much!</p>
<table>
<tr>
<td>URL:</td>
<td>https://api.live.bilibili.com/room/v1/Room/get_status_info_by_uids</td>
</tr>
<tr>
<td>Server:</td>
<td>cn-sxty-cu-w-v6-03</td>
</tr>
<tr>
<td>Date:</td>
<td>2024/02/07 18:30:07</td>
</tr>
</table>
<hr/>Powered by Tengine<hr><center>tengine</center>
</body>
</html>
