Time: 2023-12-21 00:58:29
[status_code]: 502
[text]:<!DOCTYPE HTML PUBLIC "-//IETF//DTD HTML 2.0//EN">
<html>
<head><title>502 Bad Gateway</title></head>
<body>
<center><h1>502 Bad Gateway</h1></center>
 Sorry for the inconvenience.<br/>
Please report this message and include the following information to us.<br/>
Thank you very much!</p>
<table>
<tr>
<td>URL:</td>
<td>https://api.live.bilibili.com/room/v1/Room/get_status_info_by_uids</td>
</tr>
<tr>
<td>Server:</td>
<td>cn-sxty-cu-w-v6-05</td>
</tr>
<tr>
<td>Date:</td>
<td>2023/12/21 00:58:29</td>
</tr>
</table>
<hr/>Powered by Tengine<hr><center>tengine</center>
</body>
</html>
Time: 2023-12-21 02:08:18
[status_code]: 502
[text]:<!DOCTYPE HTML PUBLIC "-//IETF//DTD HTML 2.0//EN">
<html>
<head><title>502 Bad Gateway</title></head>
<body>
<center><h1>502 Bad Gateway</h1></center>
 Sorry for the inconvenience.<br/>
Please report this message and include the following information to us.<br/>
Thank you very much!</p>
<table>
<tr>
<td>URL:</td>
<td>https://api.live.bilibili.com/room/v1/Room/get_status_info_by_uids</td>
</tr>
<tr>
<td>Server:</td>
<td>cn-sxty-cu-w-v6-02</td>
</tr>
<tr>
<td>Date:</td>
<td>2023/12/21 02:08:18</td>
</tr>
</table>
<hr/>Powered by Tengine<hr><center>tengine</center>
</body>
</html>
Time: 2023-12-21 02:56:40
[status_code]: 502
[text]:<!DOCTYPE HTML PUBLIC "-//IETF//DTD HTML 2.0//EN">
<html>
<head><title>502 Bad Gateway</title></head>
<body>
<center><h1>502 Bad Gateway</h1></center>
 Sorry for the inconvenience.<br/>
Please report this message and include the following information to us.<br/>
Thank you very much!</p>
<table>
<tr>
<td>URL:</td>
<td>https://api.live.bilibili.com/room/v1/Room/get_status_info_by_uids</td>
</tr>
<tr>
<td>Server:</td>
<td>cn-sxty-cu-w-v6-02</td>
</tr>
<tr>
<td>Date:</td>
<td>2023/12/21 02:56:40</td>
</tr>
</table>
<hr/>Powered by Tengine<hr><center>tengine</center>
</body>
</html>
Time: 2023-12-21 04:19:45
[status_code]: 502
[text]:<!DOCTYPE HTML PUBLIC "-//IETF//DTD HTML 2.0//EN">
<html>
<head><title>502 Bad Gateway</title></head>
<body>
<center><h1>502 Bad Gateway</h1></center>
 Sorry for the inconvenience.<br/>
Please report this message and include the following information to us.<br/>
Thank you very much!</p>
<table>
<tr>
<td>URL:</td>
<td>https://api.live.bilibili.com/room/v1/Room/get_status_info_by_uids</td>
</tr>
<tr>
<td>Server:</td>
<td>cn-hnly-cu-w-v6-01</td>
</tr>
<tr>
<td>Date:</td>
<td>2023/12/21 04:19:45</td>
</tr>
</table>
<hr/>Powered by Tengine<hr><center>tengine</center>
</body>
</html>
Time: 2023-12-21 08:26:01
[status_code]: 502
[text]:<!DOCTYPE HTML PUBLIC "-//IETF//DTD HTML 2.0//EN">
<html>
<head><title>502 Bad Gateway</title></head>
<body>
<center><h1>502 Bad Gateway</h1></center>
 Sorry for the inconvenience.<br/>
Please report this message and include the following information to us.<br/>
Thank you very much!</p>
<table>
<tr>
<td>URL:</td>
<td>https://api.live.bilibili.com/room/v1/Room/get_status_info_by_uids</td>
</tr>
<tr>
<td>Server:</td>
<td>cn-sxty-cu-w-v6-02</td>
</tr>
<tr>
<td>Date:</td>
<td>2023/12/21 08:26:01</td>
</tr>
</table>
<hr/>Powered by Tengine<hr><center>tengine</center>
</body>
</html>
