Time: 2024-04-21 03:03:13
[status_code]: 502
[text]:<!DOCTYPE HTML PUBLIC "-//IETF//DTD HTML 2.0//EN">
<html>
<head><title>502 Bad Gateway</title></head>
<body>
<center><h1>502 Bad Gateway</h1></center>
 Sorry for the inconvenience.<br/>
Please report this message and include the following information to us.<br/>
Thank you very much!</p>
<table>
<tr>
<td>URL:</td>
<td>https://api.live.bilibili.com/room/v1/Room/get_status_info_by_uids</td>
</tr>
<tr>
<td>Server:</td>
<td>cn-sxty-cu-w-v6-03</td>
</tr>
<tr>
<td>Date:</td>
<td>2024/04/21 03:03:13</td>
</tr>
</table>
<hr/>Powered by Tengine<hr><center>tengine</center>
</body>
</html>
Time: 2024-04-21 04:09:12
[status_code]: 502
[text]:<!DOCTYPE HTML PUBLIC "-//IETF//DTD HTML 2.0//EN">
<html>
<head><title>502 Bad Gateway</title></head>
<body>
<center><h1>502 Bad Gateway</h1></center>
 Sorry for the inconvenience.<br/>
Please report this message and include the following information to us.<br/>
Thank you very much!</p>
<table>
<tr>
<td>URL:</td>
<td>https://api.live.bilibili.com/room/v1/Room/get_status_info_by_uids</td>
</tr>
<tr>
<td>Server:</td>
<td>cn-sxty-cu-w-v6-02</td>
</tr>
<tr>
<td>Date:</td>
<td>2024/04/21 04:09:12</td>
</tr>
</table>
<hr/>Powered by Tengine<hr><center>tengine</center>
</body>
</html>
Time: 2024-04-21 04:14:17
[status_code]: 502
[text]:<!DOCTYPE HTML PUBLIC "-//IETF//DTD HTML 2.0//EN">
<html>
<head><title>502 Bad Gateway</title></head>
<body>
<center><h1>502 Bad Gateway</h1></center>
 Sorry for the inconvenience.<br/>
Please report this message and include the following information to us.<br/>
Thank you very much!</p>
<table>
<tr>
<td>URL:</td>
<td>https://api.live.bilibili.com/room/v1/Room/get_status_info_by_uids</td>
</tr>
<tr>
<td>Server:</td>
<td>cn-sxty-cu-w-v6-04</td>
</tr>
<tr>
<td>Date:</td>
<td>2024/04/21 04:14:17</td>
</tr>
</table>
<hr/>Powered by Tengine<hr><center>tengine</center>
</body>
</html>
Time: 2024-04-21 04:21:07
[status_code]: 502
[text]:<!DOCTYPE HTML PUBLIC "-//IETF//DTD HTML 2.0//EN">
<html>
<head><title>502 Bad Gateway</title></head>
<body>
<center><h1>502 Bad Gateway</h1></center>
 Sorry for the inconvenience.<br/>
Please report this message and include the following information to us.<br/>
Thank you very much!</p>
<table>
<tr>
<td>URL:</td>
<td>https://api.live.bilibili.com/room/v1/Room/get_status_info_by_uids</td>
</tr>
<tr>
<td>Server:</td>
<td>cn-sxty-cu-w-v6-04</td>
</tr>
<tr>
<td>Date:</td>
<td>2024/04/21 04:21:07</td>
</tr>
</table>
<hr/>Powered by Tengine<hr><center>tengine</center>
</body>
</html>
Time: 2024-04-21 05:53:02
[status_code]: 502
[text]:<!DOCTYPE HTML PUBLIC "-//IETF//DTD HTML 2.0//EN">
<html>
<head><title>502 Bad Gateway</title></head>
<body>
<center><h1>502 Bad Gateway</h1></center>
 Sorry for the inconvenience.<br/>
Please report this message and include the following information to us.<br/>
Thank you very much!</p>
<table>
<tr>
<td>URL:</td>
<td>https://api.live.bilibili.com/room/v1/Room/get_status_info_by_uids</td>
</tr>
<tr>
<td>Server:</td>
<td>cn-hnly-cu-w-v6-01</td>
</tr>
<tr>
<td>Date:</td>
<td>2024/04/21 05:53:02</td>
</tr>
</table>
<hr/>Powered by Tengine<hr><center>tengine</center>
</body>
</html>
Time: 2024-04-21 05:59:23
[status_code]: 502
[text]:<!DOCTYPE HTML PUBLIC "-//IETF//DTD HTML 2.0//EN">
<html>
<head><title>502 Bad Gateway</title></head>
<body>
<center><h1>502 Bad Gateway</h1></center>
 Sorry for the inconvenience.<br/>
Please report this message and include the following information to us.<br/>
Thank you very much!</p>
<table>
<tr>
<td>URL:</td>
<td>https://api.live.bilibili.com/room/v1/Room/get_status_info_by_uids</td>
</tr>
<tr>
<td>Server:</td>
<td>cn-sxty-cu-w-v6-04</td>
</tr>
<tr>
<td>Date:</td>
<td>2024/04/21 05:59:23</td>
</tr>
</table>
<hr/>Powered by Tengine<hr><center>tengine</center>
</body>
</html>
Time: 2024-04-21 06:22:45
[status_code]: 502
[text]:<!DOCTYPE HTML PUBLIC "-//IETF//DTD HTML 2.0//EN">
<html>
<head><title>502 Bad Gateway</title></head>
<body>
<center><h1>502 Bad Gateway</h1></center>
 Sorry for the inconvenience.<br/>
Please report this message and include the following information to us.<br/>
Thank you very much!</p>
<table>
<tr>
<td>URL:</td>
<td>https://api.live.bilibili.com/room/v1/Room/get_status_info_by_uids</td>
</tr>
<tr>
<td>Server:</td>
<td>cn-hnly-cu-w-v6-03</td>
</tr>
<tr>
<td>Date:</td>
<td>2024/04/21 06:22:44</td>
</tr>
</table>
<hr/>Powered by Tengine<hr><center>tengine</center>
</body>
</html>
